<?xml version="1.0" encoding="UTF-8"?>
<!-- Generated by org.testng.reporters.JUnitReportReporter -->
<testsuite hostname="LAPTOP-ST4CJVNU" failures="0" tests="1" name="com.OrangeHRM.qa.testcases.AdminAddUserPageTest" time="13.097" errors="0" timestamp="2022-09-01T09:45:19 IST" skipped="0">
  <testcase classname="com.OrangeHRM.qa.testcases.AdminAddUserPageTest" name="verifyAddUserLabelTest" time="13.097"/>
  <system-out/>
</testsuite> <!-- com.OrangeHRM.qa.testcases.AdminAddUserPageTest -->
