<?xml version="1.0" encoding="UTF-8"?>
<!-- Generated by org.testng.reporters.JUnitReportReporter -->
<testsuite hostname="LAPTOP-ST4CJVNU" failures="0" tests="12" name="com.OrangeHRM.qa.testcases.PIMAddEmpPageTest" time="203.828" errors="0" timestamp="2022-09-01T11:31:29 IST" skipped="0">
  <testcase classname="com.OrangeHRM.qa.testcases.PIMAddEmpPageTest" name="VefiryAddNewEmployeeTest" time="16.703"/>
  <system-out/>
  <testcase classname="com.OrangeHRM.qa.testcases.PIMAddEmpPageTest" name="VefiryAddNewEmployeeTest" time="13.965"/>
  <system-out/>
  <testcase classname="com.OrangeHRM.qa.testcases.PIMAddEmpPageTest" name="VefiryAddNewEmployeeTest" time="14.190"/>
  <system-out/>
  <testcase classname="com.OrangeHRM.qa.testcases.PIMAddEmpPageTest" name="VefiryAddNewEmployeeTest" time="16.245"/>
  <system-out/>
  <testcase classname="com.OrangeHRM.qa.testcases.PIMAddEmpPageTest" name="VefiryAddNewEmployeeTest" time="15.322"/>
  <system-out/>
  <testcase classname="com.OrangeHRM.qa.testcases.PIMAddEmpPageTest" name="VefiryAddNewEmployeeTest" time="17.466"/>
  <system-out/>
  <testcase classname="com.OrangeHRM.qa.testcases.PIMAddEmpPageTest" name="VefiryAddNewEmployeeTest" time="14.231"/>
  <system-out/>
  <testcase classname="com.OrangeHRM.qa.testcases.PIMAddEmpPageTest" name="VefiryAddNewEmployeeTest" time="15.171"/>
  <system-out/>
  <testcase classname="com.OrangeHRM.qa.testcases.PIMAddEmpPageTest" name="VefiryAddNewEmployeeTest" time="16.395"/>
  <system-out/>
  <testcase classname="com.OrangeHRM.qa.testcases.PIMAddEmpPageTest" name="VefiryAddNewEmployeeTest" time="19.702"/>
  <system-out/>
  <testcase classname="com.OrangeHRM.qa.testcases.PIMAddEmpPageTest" name="VefiryAddNewEmployeeTest" time="28.476"/>
  <system-out/>
  <testcase classname="com.OrangeHRM.qa.testcases.PIMAddEmpPageTest" name="VefiryAddNewEmployeeTest" time="15.962"/>
  <system-out/>
</testsuite> <!-- com.OrangeHRM.qa.testcases.PIMAddEmpPageTest -->
