<?xml version="1.0" encoding="UTF-8"?>
<!-- Generated by org.testng.reporters.JUnitReportReporter -->
<testsuite hostname="LAPTOP-ST4CJVNU" failures="0" tests="3" name="com.OrangeHRM.qa.testcases.HomePageTest" time="38.369" errors="0" timestamp="2022-09-02T08:23:43 IST" skipped="0">
  <testcase classname="com.OrangeHRM.qa.testcases.HomePageTest" name="verifyHomePageTitleTest" time="12.950"/>
  <system-out/>
  <testcase classname="com.OrangeHRM.qa.testcases.HomePageTest" name="verifyUserNameTest" time="11.640"/>
  <system-out/>
  <testcase classname="com.OrangeHRM.qa.testcases.HomePageTest" name="verifyAdimLinkTest" time="13.779"/>
  <system-out/>
</testsuite> <!-- com.OrangeHRM.qa.testcases.HomePageTest -->
