<?xml version="1.0" encoding="UTF-8"?>
<!-- Generated by org.testng.reporters.JUnitReportReporter -->
<testsuite hostname="LAPTOP-ST4CJVNU" failures="0" tests="2" name="com.OrangeHRM.qa.testcases.AdminPageTest" time="27.074" errors="0" timestamp="2022-09-01T09:45:19 IST" skipped="0">
  <testcase classname="com.OrangeHRM.qa.testcases.AdminPageTest" name="verifyAdmipagenLabelTest" time="12.792"/>
  <system-out/>
  <testcase classname="com.OrangeHRM.qa.testcases.AdminPageTest" name="vefiryAddUser" time="14.282"/>
  <system-out/>
</testsuite> <!-- com.OrangeHRM.qa.testcases.AdminPageTest -->
