<?xml version="1.0" encoding="UTF-8"?>
<!-- Generated by org.testng.reporters.JUnitReportReporter -->
<testsuite hostname="LAPTOP-ST4CJVNU" failures="0" tests="3" name="com.OrangeHRM.qa.testcases.LoginPageTest" time="14.178" errors="0" timestamp="2022-09-02T08:24:35 IST" skipped="1">
  <testcase classname="com.OrangeHRM.qa.testcases.LoginPageTest" name="loinPageTitleTest" time="7.149"/>
  <system-out/>
  <testcase classname="com.OrangeHRM.qa.testcases.LoginPageTest" name="loginTest" time="7.029"/>
  <system-out/>
  <testcase classname="com.OrangeHRM.qa.testcases.LoginPageTest" name="OrangeHRMImageTest">
    <skipped/>
  </testcase> <!-- OrangeHRMImageTest -->
  <system-out/>
</testsuite> <!-- com.OrangeHRM.qa.testcases.LoginPageTest -->
